[debug] [2025-11-26T20:21:31.790Z] ----------------------------------------------------------------------
[debug] [2025-11-26T20:21:31.792Z] Command:       /opt/homebrew/Cellar/node/23.9.0/bin/node /usr/local/bin/firebase deploy --only hosting --project trackapp-c7e3a
[debug] [2025-11-26T20:21:31.792Z] CLI Version:   9.14.0
[debug] [2025-11-26T20:21:31.792Z] Platform:      darwin
[debug] [2025-11-26T20:21:31.792Z] Node Version:  v23.9.0
[debug] [2025-11-26T20:21:31.793Z] Time:          Wed Nov 26 2025 15:21:31 GMT-0500 (Colombia Standard Time)
[debug] [2025-11-26T20:21:31.793Z] ----------------------------------------------------------------------
[debug] 
[debug] [2025-11-26T20:21:31.796Z] > command requires scopes: ["email","openid","https://www.googleapis.com/auth/cloudplatformprojects.readonly","https://www.googleapis.com/auth/firebase","https://www.googleapis.com/auth/cloud-platform"]
[debug] [2025-11-26T20:21:31.796Z] > authorizing via signed-in user (martin72.gutierrez@gmail.com)
[debug] [2025-11-26T20:21:31.796Z] [iam] checking project trackapp-c7e3a for permissions ["firebase.projects.get","firebasehosting.sites.update"]
[debug] [2025-11-26T20:21:31.797Z] > refreshing access token with scopes: ["email","https://www.googleapis.com/auth/cloud-platform","https://www.googleapis.com/auth/cloudplatformprojects.readonly","https://www.googleapis.com/auth/firebase","openid"]
[debug] [2025-11-26T20:21:31.797Z] >>> HTTP REQUEST POST https://www.googleapis.com/oauth2/v3/token  
 <request body omitted>
[debug] [2025-11-26T20:21:32.156Z] <<< HTTP RESPONSE 400 {"date":"Wed, 26 Nov 2025 20:21:32 GMT","cache-control":"no-cache, no-store, max-age=0, must-revalidate","pragma":"no-cache","expires":"Mon, 01 Jan 1990 00:00:00 GMT","content-type":"application/json; charset=utf-8","vary":"X-Origin, Referer, Origin,Accept-Encoding","server":"scaffolding on HTTPServer2","x-xss-protection":"0","x-frame-options":"SAMEORIGIN","x-content-type-options":"nosniff","alt-svc":"h3=\":443\"; ma=2592000,h3-29=\":443\"; ma=2592000","accept-ranges":"none","transfer-encoding":"chunked"}
[debug] [2025-11-26T20:21:32.157Z] >>> HTTP REQUEST POST https://cloudresourcemanager.googleapis.com/v1/projects/trackapp-c7e3a:testIamPermissions  
 {"permissions":["firebase.projects.get","firebasehosting.sites.update"]}
[debug] [2025-11-26T20:21:32.536Z] <<< HTTP RESPONSE 401 {"www-authenticate":"Bearer realm=\"https://accounts.google.com/\", error=\"invalid_token\"","vary":"X-Origin, Referer, Origin,Accept-Encoding","content-type":"application/json; charset=UTF-8","date":"Wed, 26 Nov 2025 20:21:32 GMT","server":"ESF","x-xss-protection":"0","x-frame-options":"SAMEORIGIN","x-content-type-options":"nosniff","server-timing":"gfet4t7; dur=83","alt-svc":"h3=\":443\"; ma=2592000,h3-29=\":443\"; ma=2592000","accept-ranges":"none","transfer-encoding":"chunked"}
[debug] [2025-11-26T20:21:32.536Z] <<< HTTP RESPONSE BODY {"error":{"code":401,"message":"Request had invalid authentication credentials. Expected OAuth 2 access token, login cookie or other valid authentication credential. See https://developers.google.com/identity/sign-in/web/devconsole-project.","status":"UNAUTHENTICATED","details":[{"@type":"type.googleapis.com/google.rpc.ErrorInfo","reason":"ACCESS_TOKEN_TYPE_UNSUPPORTED","metadata":{"method":"google.cloudresourcemanager.v1.Projects.TestIamPermissions","service":"cloudresourcemanager.googleapis.com"}}]}}
[debug] [2025-11-26T20:21:32.536Z] [iam] error while checking permissions, command may fail: FirebaseError: HTTP Error: 401, Request had invalid authentication credentials. Expected OAuth 2 access token, login cookie or other valid authentication credential. See https://developers.google.com/identity/sign-in/web/devconsole-project.
[debug] [2025-11-26T20:21:32.537Z] > refreshing access token with scopes: []
[debug] [2025-11-26T20:21:32.537Z] >>> HTTP REQUEST POST https://www.googleapis.com/oauth2/v3/token  
 <request body omitted>
[debug] [2025-11-26T20:21:32.685Z] <<< HTTP RESPONSE 400 {"cache-control":"no-cache, no-store, max-age=0, must-revalidate","expires":"Mon, 01 Jan 1990 00:00:00 GMT","date":"Wed, 26 Nov 2025 20:21:32 GMT","pragma":"no-cache","content-type":"application/json; charset=utf-8","vary":"X-Origin, Referer, Origin,Accept-Encoding","server":"scaffolding on HTTPServer2","x-xss-protection":"0","x-frame-options":"SAMEORIGIN","x-content-type-options":"nosniff","alt-svc":"h3=\":443\"; ma=2592000,h3-29=\":443\"; ma=2592000","accept-ranges":"none","transfer-encoding":"chunked"}
[debug] [2025-11-26T20:21:32.685Z] >>> [apiv2][query] GET https://firebase.googleapis.com/v1beta1/projects/trackapp-c7e3a [none]
[debug] [2025-11-26T20:21:33.180Z] <<< [apiv2][status] GET https://firebase.googleapis.com/v1beta1/projects/trackapp-c7e3a 401
[debug] [2025-11-26T20:21:33.181Z] <<< [apiv2][body] GET https://firebase.googleapis.com/v1beta1/projects/trackapp-c7e3a {"error":{"code":401,"message":"Request had invalid authentication credentials. Expected OAuth 2 access token, login cookie or other valid authentication credential. See https://developers.google.com/identity/sign-in/web/devconsole-project.","status":"UNAUTHENTICATED"}}
[debug] [2025-11-26T20:21:33.181Z] HTTP Error: 401, Request had invalid authentication credentials. Expected OAuth 2 access token, login cookie or other valid authentication credential. See https://developers.google.com/identity/sign-in/web/devconsole-project.
[debug] [2025-11-26T20:21:33.498Z] FirebaseError: HTTP Error: 401, Request had invalid authentication credentials. Expected OAuth 2 access token, login cookie or other valid authentication credential. See https://developers.google.com/identity/sign-in/web/devconsole-project.
    at module.exports (/usr/local/lib/node_modules/firebase-tools/lib/responseToError.js:38:12)
    at Client.doRequest (/usr/local/lib/node_modules/firebase-tools/lib/apiv2.js:238:23)
    at process.processTicksAndRejections (node:internal/process/task_queues:105:5)
    at async Client.request (/usr/local/lib/node_modules/firebase-tools/lib/apiv2.js:96:20)
    at async Object.getFirebaseProject (/usr/local/lib/node_modules/firebase-tools/lib/management/projects.js:290:21)
    at async Object.getDefaultHostingSite (/usr/local/lib/node_modules/firebase-tools/lib/getDefaultHostingSite.js:8:21)
    at async requireHostingSite (/usr/local/lib/node_modules/firebase-tools/lib/requireHostingSite.js:9:18)
    at async Object.fn (/usr/local/lib/node_modules/firebase-tools/lib/commands/deploy.js:65:9)
    at async /usr/local/lib/node_modules/firebase-tools/lib/command.js:169:17
[error] 
[error] Error: Failed to get Firebase project trackapp-c7e3a. Please make sure the project exists and your account has permission to access it.
